<?xml version="1.0" encoding="UTF-8"?>
<!-- Generated by org.testng.reporters.JUnitXMLReporter -->
<testsuite ignored="12" hostname="DESKTOP-1Q7D8OU" failures="2" tests="3" name="WorkExperienceDetails" time="61.484" errors="0" timestamp="2022-04-04T15:01:32 IST">
  <testcase classname="testClassPkg.TestMyInfoModule" name="loginToApplication" time="19.503"/>
  <testcase classname="testClassPkg.TestMyInfoModule" name="AddWorkExperienceForm" time="22.815">
    <failure type="java.lang.AssertionError" message="expected [Successfully Saved] but found [TypeError: [orangeHrm Error] Cannot read properties of undefined (reading &amp;apos;unshift&amp;apos;)]">
      <![CDATA[java.lang.AssertionError: expected [Successfully Saved] but found [TypeError: [orangeHrm Error] Cannot read properties of undefined (reading 'unshift')]
at testClassPkg.TestMyInfoModule.AddWorkExperienceForm(TestMyInfoModule.java:153)
at java.base/java.util.ArrayList.forEach(ArrayList.java:1511)
... Removed 33 stack frames]]>
    </failure>
  </testcase> <!-- AddWorkExperienceForm -->
  <testcase classname="testClassPkg.TestMyInfoModule" name="AddWorkExperienceForm" time="10.551">
    <failure type="java.lang.AssertionError" message="expected [Successfully Saved] but found [TypeError: [orangeHrm Error] Cannot read properties of undefined (reading &amp;apos;unshift&amp;apos;)]">
      <![CDATA[java.lang.AssertionError: expected [Successfully Saved] but found [TypeError: [orangeHrm Error] Cannot read properties of undefined (reading 'unshift')]
at testClassPkg.TestMyInfoModule.AddWorkExperienceForm(TestMyInfoModule.java:153)
at java.base/java.util.ArrayList.forEach(ArrayList.java:1511)
... Removed 33 stack frames]]>
    </failure>
  </testcase> <!-- AddWorkExperienceForm -->
  <testcase classname="testClassPkg.TestLoginPage" name="invalidLoginPage" time="0.0">
    <ignored/>
  </testcase> <!-- invalidLoginPage -->
  <testcase classname="testClassPkg.TestMyInfoModule" name="MembershipForm" time="0.0">
    <ignored/>
  </testcase> <!-- MembershipForm -->
  <testcase classname="testClassPkg.TestMyInfoModule" name="contactDetailsForm" time="0.0">
    <ignored/>
  </testcase> <!-- contactDetailsForm -->
  <testcase classname="testClassPkg.TestMyInfoModule" name="AddEducationForm" time="0.0">
    <ignored/>
  </testcase> <!-- AddEducationForm -->
  <testcase classname="testClassPkg.TestMyInfoModule" name="DependentForm" time="0.0">
    <ignored/>
  </testcase> <!-- DependentForm -->
  <testcase classname="testClassPkg.TestLoginPage" name="loginPage" time="0.0">
    <ignored/>
  </testcase> <!-- loginPage -->
  <testcase classname="testClassPkg.TestMyInfoModule" name="SocialMediaForm" time="0.0">
    <ignored/>
  </testcase> <!-- SocialMediaForm -->
  <testcase classname="testClassPkg.TestMyInfoModule" name="AddSkillsForm" time="0.0">
    <ignored/>
  </testcase> <!-- AddSkillsForm -->
  <testcase classname="testClassPkg.TestMyInfoModule" name="ImmigrationForm" time="0.0">
    <ignored/>
  </testcase> <!-- ImmigrationForm -->
  <testcase classname="testClassPkg.TestMyInfoModule" name="AddLanguage" time="0.0">
    <ignored/>
  </testcase> <!-- AddLanguage -->
  <testcase classname="testClassPkg.TestMyInfoModule" name="personalDetailsform" time="0.0">
    <ignored/>
  </testcase> <!-- personalDetailsform -->
  <testcase classname="testClassPkg.TestMyInfoModule" name="EmergencyContactForm" time="0.0">
    <ignored/>
  </testcase> <!-- EmergencyContactForm -->
</testsuite> <!-- WorkExperienceDetails -->
