<?xml version="1.0" encoding="UTF-8"?>
<testng-results ignored="12" total="14" passed="1" failed="1" skipped="0">
  <reporter-output>
  </reporter-output>
  <suite started-at="2022-04-04T11:58:27 IST" name="Default suite" finished-at="2022-04-04T11:59:46 IST" duration-ms="79334">
    <groups>
    </groups>
    <test started-at="2022-04-04T11:58:27 IST" name="Default test" finished-at="2022-04-04T11:59:46 IST" duration-ms="79334">
      <class name="testClassPkg.TestMyInfoModule">
        <test-method is-config="true" signature="LaunchBrowser()[pri:0, instance:testClassPkg.TestMyInfoModule@5876a9af]" started-at="2022-04-04T11:58:27 IST" name="LaunchBrowser" finished-at="2022-04-04T11:58:49 IST" duration-ms="22099" status="PASS">
          <reporter-output>
          </reporter-output>
        </test-method> <!-- LaunchBrowser -->
        <test-method signature="loginToApplication(java.lang.String,java.lang.String,java.lang.String,java.lang.String,java.lang.String,java.lang.String,java.lang.String,java.lang.String)[pri:0, instance:testClassPkg.TestMyInfoModule@5876a9af]" started-at="2022-04-04T11:58:51 IST" name="loginToApplication" data-provider="PersonalDetails" finished-at="2022-04-04T11:59:16 IST" duration-ms="25525" status="PASS">
          <params>
            <param index="0">
              <value>
                <![CDATA[george.tofari]]>
              </value>
            </param>
            <param index="1">
              <value>
                <![CDATA[Uy@1Ou4WbC]]>
              </value>
            </param>
            <param index="2">
              <value>
                <![CDATA[George]]>
              </value>
            </param>
            <param index="3">
              <value>
                <![CDATA[Tofari]]>
              </value>
            </param>
            <param index="4">
              <value>
                <![CDATA[Single]]>
              </value>
            </param>
            <param index="5">
              <value>
                <![CDATA[Male]]>
              </value>
            </param>
            <param index="6">
              <value>
                <![CDATA[Albanian]]>
              </value>
            </param>
            <param index="7">
              <value>
                <![CDATA[PN15453465468]]>
              </value>
            </param>
          </params>
          <reporter-output>
          </reporter-output>
        </test-method> <!-- loginToApplication -->
        <test-method is-config="true" signature="getResult(org.testng.ITestResult)[pri:0, instance:testClassPkg.TestMyInfoModule@5876a9af]" started-at="2022-04-04T11:59:16 IST" name="getResult" finished-at="2022-04-04T11:59:17 IST" duration-ms="868" status="PASS">
          <params>
            <param index="0">
              <value>
                <![CDATA[[TestResult name=loginToApplication status=SUCCESS method=TestMyInfoModule.loginToApplication(java.lang.String,java.lang.String,java.lang.String,java.lang.String,java.lang.String,java.lang.String,java.lang.String,java.lang.String)[pri:0, instance:testClassPkg.TestMyInfoModule@5876a9af] output={null}]]]>
              </value>
            </param>
          </params>
          <reporter-output>
          </reporter-output>
        </test-method> <!-- getResult -->
        <test-method signature="AddLanguage()[pri:0, instance:testClassPkg.TestMyInfoModule@5876a9af]" started-at="2022-04-04T11:59:17 IST" name="AddLanguage" finished-at="2022-04-04T11:59:44 IST" depends-on-methods="testClassPkg.TestMyInfoModule.loginToApplication" duration-ms="27244" status="FAIL">
          <exception class="java.lang.AssertionError">
            <message>
              <![CDATA[expected [Successfully Saved] but found [Failed to Save]]]>
            </message>
            <full-stacktrace>
              <![CDATA[java.lang.AssertionError: expected [Successfully Saved] but found [Failed to Save]
at org.testng.Assert.fail(Assert.java:99)
at org.testng.Assert.failNotEquals(Assert.java:1037)
at org.testng.Assert.assertEqualsImpl(Assert.java:140)
at org.testng.Assert.assertEquals(Assert.java:122)
at org.testng.Assert.assertEquals(Assert.java:629)
at org.testng.Assert.assertEquals(Assert.java:639)
at testClassPkg.TestMyInfoModule.AddLanguage(TestMyInfoModule.java:188)
at java.base/jdk.internal.reflect.NativeMethodAccessorImpl.invoke0(Native Method)
at java.base/jdk.internal.reflect.NativeMethodAccessorImpl.invoke(NativeMethodAccessorImpl.java:77)
at java.base/jdk.internal.reflect.DelegatingMethodAccessorImpl.invoke(DelegatingMethodAccessorImpl.java:43)
at java.base/java.lang.reflect.Method.invoke(Method.java:568)
at org.testng.internal.MethodInvocationHelper.invokeMethod(MethodInvocationHelper.java:133)
at org.testng.internal.TestInvoker.invokeMethod(TestInvoker.java:598)
at org.testng.internal.TestInvoker.invokeTestMethod(TestInvoker.java:173)
at org.testng.internal.MethodRunner.runInSequence(MethodRunner.java:46)
at org.testng.internal.TestInvoker$MethodInvocationAgent.invoke(TestInvoker.java:824)
at org.testng.internal.TestInvoker.invokeTestMethods(TestInvoker.java:146)
at org.testng.internal.TestMethodWorker.invokeTestMethods(TestMethodWorker.java:146)
at org.testng.internal.TestMethodWorker.run(TestMethodWorker.java:128)
at java.base/java.util.ArrayList.forEach(ArrayList.java:1511)
at org.testng.TestRunner.privateRun(TestRunner.java:794)
at org.testng.TestRunner.run(TestRunner.java:596)
at org.testng.SuiteRunner.runTest(SuiteRunner.java:377)
at org.testng.SuiteRunner.runSequentially(SuiteRunner.java:371)
at org.testng.SuiteRunner.privateRun(SuiteRunner.java:332)
at org.testng.SuiteRunner.run(SuiteRunner.java:276)
at org.testng.SuiteRunnerWorker.runSuite(SuiteRunnerWorker.java:53)
at org.testng.SuiteRunnerWorker.run(SuiteRunnerWorker.java:96)
at org.testng.TestNG.runSuitesSequentially(TestNG.java:1212)
at org.testng.TestNG.runSuitesLocally(TestNG.java:1134)
at org.testng.TestNG.runSuites(TestNG.java:1063)
at org.testng.TestNG.run(TestNG.java:1031)
at org.testng.remote.AbstractRemoteTestNG.run(AbstractRemoteTestNG.java:115)
at org.testng.remote.RemoteTestNG.initAndRun(RemoteTestNG.java:251)
at org.testng.remote.RemoteTestNG.main(RemoteTestNG.java:77)
]]>
            </full-stacktrace>
          </exception> <!-- java.lang.AssertionError -->
          <reporter-output>
          </reporter-output>
        </test-method> <!-- AddLanguage -->
        <test-method is-config="true" signature="getResult(org.testng.ITestResult)[pri:0, instance:testClassPkg.TestMyInfoModule@5876a9af]" started-at="2022-04-04T11:59:44 IST" name="getResult" finished-at="2022-04-04T11:59:45 IST" duration-ms="342" status="PASS">
          <params>
            <param index="0">
              <value>
                <![CDATA[[TestResult name=AddLanguage status=FAILURE method=TestMyInfoModule.AddLanguage()[pri:0, instance:testClassPkg.TestMyInfoModule@5876a9af] output={null}]]]>
              </value>
            </param>
          </params>
          <reporter-output>
          </reporter-output>
        </test-method> <!-- getResult -->
        <test-method is-config="true" signature="CloseBrowser()[pri:0, instance:testClassPkg.TestMyInfoModule@5876a9af]" started-at="2022-04-04T11:59:45 IST" name="CloseBrowser" finished-at="2022-04-04T11:59:46 IST" duration-ms="1152" status="PASS">
          <reporter-output>
          </reporter-output>
        </test-method> <!-- CloseBrowser -->
      </class> <!-- testClassPkg.TestMyInfoModule -->
    </test> <!-- Default test -->
  </suite> <!-- Default suite -->
</testng-results>
